This is pdfTeX, Version 3.14159265-2.6-1.40.18 (TeX Live 2017/Debian) (preloaded format=pdflatex 2019.5.17)  9 JAN 2022 11:44
entering extended mode
 restricted \write18 enabled.
 %&-line parsing enabled.
**manuscrito.tex
(./manuscrito.tex
LaTeX2e <2017-04-15>
Babel <3.18> and hyphenation patterns for 84 language(s) loaded.
(/usr/share/texlive/texmf-dist/tex/latex/base/article.cls
Document Class: article 2014/09/29 v1.4h Standard LaTeX document class
(/usr/share/texlive/texmf-dist/tex/latex/base/size11.clo
File: size11.clo 2014/09/29 v1.4h Standard LaTeX file (size option)
)
\c@part=\count79
\c@section=\count80
\c@subsection=\count81
\c@subsubsection=\count82
\c@paragraph=\count83
\c@subparagraph=\count84
\c@figure=\count85
\c@table=\count86
\abovecaptionskip=\skip41
\belowcaptionskip=\skip42
\bibindent=\dimen102
) (/usr/share/texlive/texmf-dist/tex/latex/geometry/geometry.sty
Package: geometry 2010/09/12 v5.6 Page Geometry
(/usr/share/texlive/texmf-dist/tex/latex/graphics/keyval.sty
Package: keyval 2014/10/28 v1.15 key=value parser (DPC)
\KV@toks@=\toks14
) (/usr/share/texlive/texmf-dist/tex/generic/oberdiek/ifpdf.sty
Package: ifpdf 2017/03/15 v3.2 Provides the ifpdf switch
) (/usr/share/texlive/texmf-dist/tex/generic/oberdiek/ifvtex.sty
Package: ifvtex 2016/05/16 v1.6 Detect VTeX and its facilities (HO)
Package ifvtex Info: VTeX not detected.
) (/usr/share/texlive/texmf-dist/tex/generic/ifxetex/ifxetex.sty
Package: ifxetex 2010/09/12 v0.6 Provides ifxetex conditional
)
\Gm@cnth=\count87
\Gm@cntv=\count88
\c@Gm@tempcnt=\count89
\Gm@bindingoffset=\dimen103
\Gm@wd@mp=\dimen104
\Gm@odd@mp=\dimen105
\Gm@even@mp=\dimen106
\Gm@layoutwidth=\dimen107
\Gm@layoutheight=\dimen108
\Gm@layouthoffset=\dimen109
\Gm@layoutvoffset=\dimen110
\Gm@dimlist=\toks15
) (/usr/share/texlive/texmf-dist/tex/latex/psnfss/mathpazo.sty
Package: mathpazo 2005/04/12 PSNFSS-v9.2a Palatino w/ Pazo Math (D.Puga, WaS) 
\symupright=\mathgroup4
) (/usr/share/texlive/texmf-dist/tex/latex/base/fontenc.sty
Package: fontenc 2017/04/05 v2.0i Standard LaTeX package
(/usr/share/texlive/texmf-dist/tex/latex/base/t1enc.def
File: t1enc.def 2017/04/05 v2.0i Standard LaTeX file
LaTeX Font Info:    Redeclaring font encoding T1 on input line 48.
)) (/usr/share/texlive/texmf-dist/tex/latex/base/inputenc.sty
Package: inputenc 2015/03/17 v1.2c Input encoding file
\inpenc@prehook=\toks16
\inpenc@posthook=\toks17
(/usr/share/texlive/texmf-dist/tex/latex/base/utf8.def
File: utf8.def 2017/01/28 v1.1t UTF-8 support for inputenc
Now handling font encoding OML ...
... no UTF-8 mapping file for font encoding OML
Now handling font encoding T1 ...
... processing UTF-8 mapping file for font encoding T1
(/usr/share/texlive/texmf-dist/tex/latex/base/t1enc.dfu
File: t1enc.dfu 2017/01/28 v1.1t UTF-8 support for inputenc
   defining Unicode char U+00A0 (decimal 160)
   defining Unicode char U+00A1 (decimal 161)
   defining Unicode char U+00A3 (decimal 163)
   defining Unicode char U+00AB (decimal 171)
   defining Unicode char U+00AD (decimal 173)
   defining Unicode char U+00BB (decimal 187)
   defining Unicode char U+00BF (decimal 191)
   defining Unicode char U+00C0 (decimal 192)
   defining Unicode char U+00C1 (decimal 193)
   defining Unicode char U+00C2 (decimal 194)
   defining Unicode char U+00C3 (decimal 195)
   defining Unicode char U+00C4 (decimal 196)
   defining Unicode char U+00C5 (decimal 197)
   defining Unicode char U+00C6 (decimal 198)
   defining Unicode char U+00C7 (decimal 199)
   defining Unicode char U+00C8 (decimal 200)
   defining Unicode char U+00C9 (decimal 201)
   defining Unicode char U+00CA (decimal 202)
   defining Unicode char U+00CB (decimal 203)
   defining Unicode char U+00CC (decimal 204)
   defining Unicode char U+00CD (decimal 205)
   defining Unicode char U+00CE (decimal 206)
   defining Unicode char U+00CF (decimal 207)
   defining Unicode char U+00D0 (decimal 208)
   defining Unicode char U+00D1 (decimal 209)
   defining Unicode char U+00D2 (decimal 210)
   defining Unicode char U+00D3 (decimal 211)
   defining Unicode char U+00D4 (decimal 212)
   defining Unicode char U+00D5 (decimal 213)
   defining Unicode char U+00D6 (decimal 214)
   defining Unicode char U+00D8 (decimal 216)
   defining Unicode char U+00D9 (decimal 217)
   defining Unicode char U+00DA (decimal 218)
   defining Unicode char U+00DB (decimal 219)
   defining Unicode char U+00DC (decimal 220)
   defining Unicode char U+00DD (decimal 221)
   defining Unicode char U+00DE (decimal 222)
   defining Unicode char U+00DF (decimal 223)
   defining Unicode char U+00E0 (decimal 224)
   defining Unicode char U+00E1 (decimal 225)
   defining Unicode char U+00E2 (decimal 226)
   defining Unicode char U+00E3 (decimal 227)
   defining Unicode char U+00E4 (decimal 228)
   defining Unicode char U+00E5 (decimal 229)
   defining Unicode char U+00E6 (decimal 230)
   defining Unicode char U+00E7 (decimal 231)
   defining Unicode char U+00E8 (decimal 232)
   defining Unicode char U+00E9 (decimal 233)
   defining Unicode char U+00EA (decimal 234)
   defining Unicode char U+00EB (decimal 235)
   defining Unicode char U+00EC (decimal 236)
   defining Unicode char U+00ED (decimal 237)
   defining Unicode char U+00EE (decimal 238)
   defining Unicode char U+00EF (decimal 239)
   defining Unicode char U+00F0 (decimal 240)
   defining Unicode char U+00F1 (decimal 241)
   defining Unicode char U+00F2 (decimal 242)
   defining Unicode char U+00F3 (decimal 243)
   defining Unicode char U+00F4 (decimal 244)
   defining Unicode char U+00F5 (decimal 245)
   defining Unicode char U+00F6 (decimal 246)
   defining Unicode char U+00F8 (decimal 248)
   defining Unicode char U+00F9 (decimal 249)
   defining Unicode char U+00FA (decimal 250)
   defining Unicode char U+00FB (decimal 251)
   defining Unicode char U+00FC (decimal 252)
   defining Unicode char U+00FD (decimal 253)
   defining Unicode char U+00FE (decimal 254)
   defining Unicode char U+00FF (decimal 255)
   defining Unicode char U+0100 (decimal 256)
   defining Unicode char U+0101 (decimal 257)
   defining Unicode char U+0102 (decimal 258)
   defining Unicode char U+0103 (decimal 259)
   defining Unicode char U+0104 (decimal 260)
   defining Unicode char U+0105 (decimal 261)
   defining Unicode char U+0106 (decimal 262)
   defining Unicode char U+0107 (decimal 263)
   defining Unicode char U+0108 (decimal 264)
   defining Unicode char U+0109 (decimal 265)
   defining Unicode char U+010A (decimal 266)
   defining Unicode char U+010B (decimal 267)
   defining Unicode char U+010C (decimal 268)
   defining Unicode char U+010D (decimal 269)
   defining Unicode char U+010E (decimal 270)
   defining Unicode char U+010F (decimal 271)
   defining Unicode char U+0110 (decimal 272)
   defining Unicode char U+0111 (decimal 273)
   defining Unicode char U+0112 (decimal 274)
   defining Unicode char U+0113 (decimal 275)
   defining Unicode char U+0114 (decimal 276)
   defining Unicode char U+0115 (decimal 277)
   defining Unicode char U+0116 (decimal 278)
   defining Unicode char U+0117 (decimal 279)
   defining Unicode char U+0118 (decimal 280)
   defining Unicode char U+0119 (decimal 281)
   defining Unicode char U+011A (decimal 282)
   defining Unicode char U+011B (decimal 283)
   defining Unicode char U+011C (decimal 284)
   defining Unicode char U+011D (decimal 285)
   defining Unicode char U+011E (decimal 286)
   defining Unicode char U+011F (decimal 287)
   defining Unicode char U+0120 (decimal 288)
   defining Unicode char U+0121 (decimal 289)
   defining Unicode char U+0122 (decimal 290)
   defining Unicode char U+0123 (decimal 291)
   defining Unicode char U+0124 (decimal 292)
   defining Unicode char U+0125 (decimal 293)
   defining Unicode char U+0128 (decimal 296)
   defining Unicode char U+0129 (decimal 297)
   defining Unicode char U+012A (decimal 298)
   defining Unicode char U+012B (decimal 299)
   defining Unicode char U+012C (decimal 300)
   defining Unicode char U+012D (decimal 301)
   defining Unicode char U+012E (decimal 302)
   defining Unicode char U+012F (decimal 303)
   defining Unicode char U+0130 (decimal 304)
   defining Unicode char U+0131 (decimal 305)
   defining Unicode char U+0132 (decimal 306)
   defining Unicode char U+0133 (decimal 307)
   defining Unicode char U+0134 (decimal 308)
   defining Unicode char U+0135 (decimal 309)
   defining Unicode char U+0136 (decimal 310)
   defining Unicode char U+0137 (decimal 311)
   defining Unicode char U+0139 (decimal 313)
   defining Unicode char U+013A (decimal 314)
   defining Unicode char U+013B (decimal 315)
   defining Unicode char U+013C (decimal 316)
   defining Unicode char U+013D (decimal 317)
   defining Unicode char U+013E (decimal 318)
   defining Unicode char U+0141 (decimal 321)
   defining Unicode char U+0142 (decimal 322)
   defining Unicode char U+0143 (decimal 323)
   defining Unicode char U+0144 (decimal 324)
   defining Unicode char U+0145 (decimal 325)
   defining Unicode char U+0146 (decimal 326)
   defining Unicode char U+0147 (decimal 327)
   defining Unicode char U+0148 (decimal 328)
   defining Unicode char U+014A (decimal 330)
   defining Unicode char U+014B (decimal 331)
   defining Unicode char U+014C (decimal 332)
   defining Unicode char U+014D (decimal 333)
   defining Unicode char U+014E (decimal 334)
   defining Unicode char U+014F (decimal 335)
   defining Unicode char U+0150 (decimal 336)
   defining Unicode char U+0151 (decimal 337)
   defining Unicode char U+0152 (decimal 338)
   defining Unicode char U+0153 (decimal 339)
   defining Unicode char U+0154 (decimal 340)
   defining Unicode char U+0155 (decimal 341)
   defining Unicode char U+0156 (decimal 342)
   defining Unicode char U+0157 (decimal 343)
   defining Unicode char U+0158 (decimal 344)
   defining Unicode char U+0159 (decimal 345)
   defining Unicode char U+015A (decimal 346)
   defining Unicode char U+015B (decimal 347)
   defining Unicode char U+015C (decimal 348)
   defining Unicode char U+015D (decimal 349)
   defining Unicode char U+015E (decimal 350)
   defining Unicode char U+015F (decimal 351)
   defining Unicode char U+0160 (decimal 352)
   defining Unicode char U+0161 (decimal 353)
   defining Unicode char U+0162 (decimal 354)
   defining Unicode char U+0163 (decimal 355)
   defining Unicode char U+0164 (decimal 356)
   defining Unicode char U+0165 (decimal 357)
   defining Unicode char U+0168 (decimal 360)
   defining Unicode char U+0169 (decimal 361)
   defining Unicode char U+016A (decimal 362)
   defining Unicode char U+016B (decimal 363)
   defining Unicode char U+016C (decimal 364)
   defining Unicode char U+016D (decimal 365)
   defining Unicode char U+016E (decimal 366)
   defining Unicode char U+016F (decimal 367)
   defining Unicode char U+0170 (decimal 368)
   defining Unicode char U+0171 (decimal 369)
   defining Unicode char U+0172 (decimal 370)
   defining Unicode char U+0173 (decimal 371)
   defining Unicode char U+0174 (decimal 372)
   defining Unicode char U+0175 (decimal 373)
   defining Unicode char U+0176 (decimal 374)
   defining Unicode char U+0177 (decimal 375)
   defining Unicode char U+0178 (decimal 376)
   defining Unicode char U+0179 (decimal 377)
   defining Unicode char U+017A (decimal 378)
   defining Unicode char U+017B (decimal 379)
   defining Unicode char U+017C (decimal 380)
   defining Unicode char U+017D (decimal 381)
   defining Unicode char U+017E (decimal 382)
   defining Unicode char U+01CD (decimal 461)
   defining Unicode char U+01CE (decimal 462)
   defining Unicode char U+01CF (decimal 463)
   defining Unicode char U+01D0 (decimal 464)
   defining Unicode char U+01D1 (decimal 465)
   defining Unicode char U+01D2 (decimal 466)
   defining Unicode char U+01D3 (decimal 467)
   defining Unicode char U+01D4 (decimal 468)
   defining Unicode char U+01E2 (decimal 482)
   defining Unicode char U+01E3 (decimal 483)
   defining Unicode char U+01E6 (decimal 486)
   defining Unicode char U+01E7 (decimal 487)
   defining Unicode char U+01E8 (decimal 488)
   defining Unicode char U+01E9 (decimal 489)
   defining Unicode char U+01EA (decimal 490)
   defining Unicode char U+01EB (decimal 491)
   defining Unicode char U+01F0 (decimal 496)
   defining Unicode char U+01F4 (decimal 500)
   defining Unicode char U+01F5 (decimal 501)
   defining Unicode char U+0218 (decimal 536)
   defining Unicode char U+0219 (decimal 537)
   defining Unicode char U+021A (decimal 538)
   defining Unicode char U+021B (decimal 539)
   defining Unicode char U+0232 (decimal 562)
   defining Unicode char U+0233 (decimal 563)
   defining Unicode char U+1E02 (decimal 7682)
   defining Unicode char U+1E03 (decimal 7683)
   defining Unicode char U+200C (decimal 8204)
   defining Unicode char U+2010 (decimal 8208)
   defining Unicode char U+2011 (decimal 8209)
   defining Unicode char U+2012 (decimal 8210)
   defining Unicode char U+2013 (decimal 8211)
   defining Unicode char U+2014 (decimal 8212)
   defining Unicode char U+2015 (decimal 8213)
   defining Unicode char U+2018 (decimal 8216)
   defining Unicode char U+2019 (decimal 8217)
   defining Unicode char U+201A (decimal 8218)
   defining Unicode char U+201C (decimal 8220)
   defining Unicode char U+201D (decimal 8221)
   defining Unicode char U+201E (decimal 8222)
   defining Unicode char U+2030 (decimal 8240)
   defining Unicode char U+2031 (decimal 8241)
   defining Unicode char U+2039 (decimal 8249)
   defining Unicode char U+203A (decimal 8250)
   defining Unicode char U+2423 (decimal 9251)
   defining Unicode char U+1E20 (decimal 7712)
   defining Unicode char U+1E21 (decimal 7713)
)
Now handling font encoding OT1 ...
... processing UTF-8 mapping file for font encoding OT1
(/usr/share/texlive/texmf-dist/tex/latex/base/ot1enc.dfu
File: ot1enc.dfu 2017/01/28 v1.1t UTF-8 support for inputenc
   defining Unicode char U+00A0 (decimal 160)
   defining Unicode char U+00A1 (decimal 161)
   defining Unicode char U+00A3 (decimal 163)
   defining Unicode char U+00AD (decimal 173)
   defining Unicode char U+00B8 (decimal 184)
   defining Unicode char U+00BF (decimal 191)
   defining Unicode char U+00C5 (decimal 197)
   defining Unicode char U+00C6 (decimal 198)
   defining Unicode char U+00D8 (decimal 216)
   defining Unicode char U+00DF (decimal 223)
   defining Unicode char U+00E6 (decimal 230)
   defining Unicode char U+00EC (decimal 236)
   defining Unicode char U+00ED (decimal 237)
   defining Unicode char U+00EE (decimal 238)
   defining Unicode char U+00EF (decimal 239)
   defining Unicode char U+00F8 (decimal 248)
   defining Unicode char U+0131 (decimal 305)
   defining Unicode char U+0141 (decimal 321)
   defining Unicode char U+0142 (decimal 322)
   defining Unicode char U+0152 (decimal 338)
   defining Unicode char U+0153 (decimal 339)
   defining Unicode char U+0174 (decimal 372)
   defining Unicode char U+0175 (decimal 373)
   defining Unicode char U+0176 (decimal 374)
   defining Unicode char U+0177 (decimal 375)
   defining Unicode char U+0218 (decimal 536)
   defining Unicode char U+0219 (decimal 537)
   defining Unicode char U+021A (decimal 538)
   defining Unicode char U+021B (decimal 539)
   defining Unicode char U+2013 (decimal 8211)
   defining Unicode char U+2014 (decimal 8212)
   defining Unicode char U+2018 (decimal 8216)
   defining Unicode char U+2019 (decimal 8217)
   defining Unicode char U+201C (decimal 8220)
   defining Unicode char U+201D (decimal 8221)
)
Now handling font encoding OMS ...
... processing UTF-8 mapping file for font encoding OMS
(/usr/share/texlive/texmf-dist/tex/latex/base/omsenc.dfu
File: omsenc.dfu 2017/01/28 v1.1t UTF-8 support for inputenc
   defining Unicode char U+00A7 (decimal 167)
   defining Unicode char U+00B6 (decimal 182)
   defining Unicode char U+00B7 (decimal 183)
   defining Unicode char U+2020 (decimal 8224)
   defining Unicode char U+2021 (decimal 8225)
   defining Unicode char U+2022 (decimal 8226)
)
Now handling font encoding OMX ...
... no UTF-8 mapping file for font encoding OMX
Now handling font encoding U ...
... no UTF-8 mapping file for font encoding U
   defining Unicode char U+00A9 (decimal 169)
   defining Unicode char U+00AA (decimal 170)
   defining Unicode char U+00AE (decimal 174)
   defining Unicode char U+00BA (decimal 186)
   defining Unicode char U+02C6 (decimal 710)
   defining Unicode char U+02DC (decimal 732)
   defining Unicode char U+200C (decimal 8204)
   defining Unicode char U+2026 (decimal 8230)
   defining Unicode char U+2122 (decimal 8482)
   defining Unicode char U+2423 (decimal 9251)
)) (/usr/share/texlive/texmf-dist/tex/latex/abstract/abstract.sty
Package: abstract 2009/06/08 v1.2a configurable abstracts
\abstitleskip=\skip43
\absleftindent=\skip44
\absrightindent=\skip45
\absparindent=\skip46
\absparsep=\skip47
) (/usr/share/texlive/texmf-dist/tex/latex/graphics/graphicx.sty
Package: graphicx 2017/06/01 v1.1a Enhanced LaTeX Graphics (DPC,SPQR)
(/usr/share/texlive/texmf-dist/tex/latex/graphics/graphics.sty
Package: graphics 2017/06/25 v1.2c Standard LaTeX Graphics (DPC,SPQR)
(/usr/share/texlive/texmf-dist/tex/latex/graphics/trig.sty
Package: trig 2016/01/03 v1.10 sin cos tan (DPC)
) (/usr/share/texlive/texmf-dist/tex/latex/graphics-cfg/graphics.cfg
File: graphics.cfg 2016/06/04 v1.11 sample graphics configuration
)
Package graphics Info: Driver file: pdftex.def on input line 99.
(/usr/share/texlive/texmf-dist/tex/latex/graphics-def/pdftex.def
File: pdftex.def 2018/01/08 v1.0l Graphics/color driver for pdftex
))
\Gin@req@height=\dimen111
\Gin@req@width=\dimen112
) (/usr/share/texlive/texmf-dist/tex/latex/oberdiek/grffile.sty
Package: grffile 2017/06/30 v1.18 Extended file name support for graphics (HO)
(/usr/share/texlive/texmf-dist/tex/latex/oberdiek/kvoptions.sty
Package: kvoptions 2016/05/16 v3.12 Key value format for package options (HO)
(/usr/share/texlive/texmf-dist/tex/generic/oberdiek/ltxcmds.sty
Package: ltxcmds 2016/05/16 v1.23 LaTeX kernel commands for general use (HO)
) (/usr/share/texlive/texmf-dist/tex/generic/oberdiek/kvsetkeys.sty
Package: kvsetkeys 2016/05/16 v1.17 Key value parser (HO)
(/usr/share/texlive/texmf-dist/tex/generic/oberdiek/infwarerr.sty
Package: infwarerr 2016/05/16 v1.4 Providing info/warning/error messages (HO)
) (/usr/share/texlive/texmf-dist/tex/generic/oberdiek/etexcmds.sty
Package: etexcmds 2016/05/16 v1.6 Avoid name clashes with e-TeX commands (HO)
(/usr/share/texlive/texmf-dist/tex/generic/oberdiek/ifluatex.sty
Package: ifluatex 2016/05/16 v1.4 Provides the ifluatex switch (HO)
Package ifluatex Info: LuaTeX not detected.
)
Package etexcmds Info: Could not find \expanded.
(etexcmds)             That can mean that you are not using pdfTeX 1.50 or
(etexcmds)             that some package has redefined \expanded.
(etexcmds)             In the latter case, load this package earlier.
))) (/usr/share/texlive/texmf-dist/tex/generic/oberdiek/pdftexcmds.sty
Package: pdftexcmds 2018/01/21 v0.26 Utility functions of pdfTeX for LuaTeX (HO
)
Package pdftexcmds Info: LuaTeX not detected.
Package pdftexcmds Info: \pdf@primitive is available.
Package pdftexcmds Info: \pdf@ifprimitive is available.
Package pdftexcmds Info: \pdfdraftmode found.
)
Package grffile Info: Option `multidot' is set to `true'.
Package grffile Info: Option `extendedchars' is set to `false'.
Package grffile Info: Option `space' is set to `true'.
Package grffile Info: \Gin@ii of package `graphicx' fixed on input line 494.
) (/usr/share/texlive/texmf-dist/tex/latex/titlesec/titlesec.sty
Package: titlesec 2016/03/21 v2.10.2 Sectioning titles
\ttl@box=\box26
\beforetitleunit=\skip48
\aftertitleunit=\skip49
\ttl@plus=\dimen113
\ttl@minus=\dimen114
\ttl@toksa=\toks18
\titlewidth=\dimen115
\titlewidthlast=\dimen116
\titlewidthfirst=\dimen117
)
\c@hypothesis=\count90
(/usr/share/texlive/texmf-dist/tex/latex/setspace/setspace.sty
Package: setspace 2011/12/19 v6.7a set line spacing
) (/usr/share/texlive/texmf-dist/tex/latex/hyperref/hyperref.sty
Package: hyperref 2018/02/06 v6.86b Hypertext links for LaTeX
(/usr/share/texlive/texmf-dist/tex/generic/oberdiek/hobsub-hyperref.sty
Package: hobsub-hyperref 2016/05/16 v1.14 Bundle oberdiek, subset hyperref (HO)

(/usr/share/texlive/texmf-dist/tex/generic/oberdiek/hobsub-generic.sty
Package: hobsub-generic 2016/05/16 v1.14 Bundle oberdiek, subset generic (HO)
Package: hobsub 2016/05/16 v1.14 Construct package bundles (HO)
Package hobsub Info: Skipping package `infwarerr' (already loaded).
Package hobsub Info: Skipping package `ltxcmds' (already loaded).
Package hobsub Info: Skipping package `ifluatex' (already loaded).
Package hobsub Info: Skipping package `ifvtex' (already loaded).
Package: intcalc 2016/05/16 v1.2 Expandable calculations with integers (HO)
Package hobsub Info: Skipping package `ifpdf' (already loaded).
Package hobsub Info: Skipping package `etexcmds' (already loaded).
Package hobsub Info: Skipping package `kvsetkeys' (already loaded).
Package: kvdefinekeys 2016/05/16 v1.4 Define keys (HO)
Package hobsub Info: Skipping package `pdftexcmds' (already loaded).
Package: pdfescape 2016/05/16 v1.14 Implements pdfTeX's escape features (HO)
Package: bigintcalc 2016/05/16 v1.4 Expandable calculations on big integers (HO
)
Package: bitset 2016/05/16 v1.2 Handle bit-vector datatype (HO)
Package: uniquecounter 2016/05/16 v1.3 Provide unlimited unique counter (HO)
)
Package hobsub Info: Skipping package `hobsub' (already loaded).
Package: letltxmacro 2016/05/16 v1.5 Let assignment for LaTeX macros (HO)
Package: hopatch 2016/05/16 v1.3 Wrapper for package hooks (HO)
Package: xcolor-patch 2016/05/16 xcolor patch
Package: atveryend 2016/05/16 v1.9 Hooks at the very end of document (HO)
Package atveryend Info: \enddocument detected (standard20110627).
Package: atbegshi 2016/06/09 v1.18 At begin shipout hook (HO)
Package: refcount 2016/05/16 v3.5 Data extraction from label references (HO)
Package: hycolor 2016/05/16 v1.8 Color options for hyperref/bookmark (HO)
) (/usr/share/texlive/texmf-dist/tex/latex/oberdiek/auxhook.sty
Package: auxhook 2016/05/16 v1.4 Hooks for auxiliary files (HO)
)
\@linkdim=\dimen118
\Hy@linkcounter=\count91
\Hy@pagecounter=\count92
(/usr/share/texlive/texmf-dist/tex/latex/hyperref/pd1enc.def
File: pd1enc.def 2018/02/06 v6.86b Hyperref: PDFDocEncoding definition (HO)
Now handling font encoding PD1 ...
... no UTF-8 mapping file for font encoding PD1
)
\Hy@SavedSpaceFactor=\count93
(/usr/share/texlive/texmf-dist/tex/latex/latexconfig/hyperref.cfg
File: hyperref.cfg 2002/06/06 v1.2 hyperref configuration of TeXLive
)
Package hyperref Info: Option `unicode' set `true' on input line 4383.
(/usr/share/texlive/texmf-dist/tex/latex/hyperref/puenc.def
File: puenc.def 2018/02/06 v6.86b Hyperref: PDF Unicode definition (HO)
Now handling font encoding PU ...
... no UTF-8 mapping file for font encoding PU
)
Package hyperref Info: Hyper figures OFF on input line 4509.
Package hyperref Info: Link nesting OFF on input line 4514.
Package hyperref Info: Hyper index ON on input line 4517.
Package hyperref Info: Plain pages OFF on input line 4524.
Package hyperref Info: Backreferencing OFF on input line 4529.
Package hyperref Info: Implicit mode ON; LaTeX internals redefined.
Package hyperref Info: Bookmarks ON on input line 4762.
\c@Hy@tempcnt=\count94
(/usr/share/texlive/texmf-dist/tex/latex/url/url.sty
\Urlmuskip=\muskip10
Package: url 2013/09/16  ver 3.4  Verb mode for urls, etc.
)
LaTeX Info: Redefining \url on input line 5115.
\XeTeXLinkMargin=\dimen119
\Fld@menulength=\count95
\Field@Width=\dimen120
\Fld@charsize=\dimen121
Package hyperref Info: Hyper figures OFF on input line 6369.
Package hyperref Info: Link nesting OFF on input line 6374.
Package hyperref Info: Hyper index ON on input line 6377.
Package hyperref Info: backreferencing OFF on input line 6384.
Package hyperref Info: Link coloring OFF on input line 6389.
Package hyperref Info: Link coloring with OCG OFF on input line 6394.
Package hyperref Info: PDF/A mode OFF on input line 6399.
LaTeX Info: Redefining \ref on input line 6439.
LaTeX Info: Redefining \pageref on input line 6443.
\Hy@abspage=\count96
\c@Item=\count97
\c@Hfootnote=\count98
)
Package hyperref Info: Driver (autodetected): hpdftex.
(/usr/share/texlive/texmf-dist/tex/latex/hyperref/hpdftex.def
File: hpdftex.def 2018/02/06 v6.86b Hyperref driver for pdfTeX
\Fld@listcount=\count99
\c@bookmark@seq@number=\count100
(/usr/share/texlive/texmf-dist/tex/latex/oberdiek/rerunfilecheck.sty
Package: rerunfilecheck 2016/05/16 v1.8 Rerun checks for auxiliary files (HO)
Package uniquecounter Info: New unique counter `rerunfilecheck' on input line 2
82.
)
\Hy@SectionHShift=\skip50
) (/usr/share/texlive/texmf-dist/tex/latex/graphics/color.sty
Package: color 2016/07/10 v1.1e Standard LaTeX Color (DPC)
(/usr/share/texlive/texmf-dist/tex/latex/graphics-cfg/color.cfg
File: color.cfg 2016/01/02 v1.6 sample color configuration
)
Package color Info: Driver file: pdftex.def on input line 147.
(/usr/share/texlive/texmf-dist/tex/latex/graphics/dvipsnam.def
File: dvipsnam.def 2016/06/17 v3.0m Driver-dependent file (DPC,SPQR)
))
Package hyperref Info: Option `breaklinks' set `true' on input line 113.

Package hyperref Warning: Option `bookmarks' has already been used,
(hyperref)                setting the option has no effect on input line 113.

Package hyperref Info: Option `colorlinks' set `true' on input line 113.
(/usr/share/texlive/texmf-dist/tex/latex/oberdiek/pdflscape.sty
Package: pdflscape 2016/05/14 v0.11 Display of landscape pages in PDF (HO)
(/usr/share/texlive/texmf-dist/tex/latex/graphics/lscape.sty
Package: lscape 2000/10/22 v3.01 Landscape Pages (DPC)
)
Package pdflscape Info: Auto-detected driver: pdftex on input line 81.
) (/usr/share/texlive/texmf-dist/tex/latex/float/float.sty
Package: float 2001/11/08 v1.3d Float enhancements (AL)
\c@float@type=\count101
\float@exts=\toks19
\float@box=\box27
\@float@everytoks=\toks20
\@floatcapt=\box28
) (./manuscrito.aux

LaTeX Warning: Label `fig:bci_map' multiply defined.


LaTeX Warning: Label `fig:bci_map' multiply defined.


LaTeX Warning: Label `fig:bci_map' multiply defined.


LaTeX Warning: Label `fig:bci_map' multiply defined.


LaTeX Warning: Label `fig:bci_map' multiply defined.


LaTeX Warning: Label `fig:bci_map' multiply defined.


LaTeX Warning: Label `fig:bci_map' multiply defined.


LaTeX Warning: Label `fig:bci_map' multiply defined.


LaTeX Warning: Label `fig:bci_map' multiply defined.


LaTeX Warning: Label `fig:bci_map' multiply defined.


LaTeX Warning: Label `fig:bci_map' multiply defined.


LaTeX Warning: Label `fig:bci_map' multiply defined.


LaTeX Warning: Label `fig:bci_map' multiply defined.


LaTeX Warning: Label `fig:bci_map' multiply defined.


LaTeX Warning: Label `fig:bci_map' multiply defined.


LaTeX Warning: Label `fig:bci_map' multiply defined.


LaTeX Warning: Label `fig:bci_map' multiply defined.


LaTeX Warning: Label `fig:bci_map' multiply defined.


LaTeX Warning: Label `fig:bci_map' multiply defined.


LaTeX Warning: Label `fig:bci_map' multiply defined.


LaTeX Warning: Label `fig:bci_map' multiply defined.


LaTeX Warning: Label `fig:bci_map' multiply defined.


LaTeX Warning: Label `fig:bci_map' multiply defined.


LaTeX Warning: Label `fig:bci_map' multiply defined.


LaTeX Warning: Label `fig:bci_map' multiply defined.


LaTeX Warning: Label `fig:bci_map' multiply defined.


LaTeX Warning: Label `fig:bci_map' multiply defined.


LaTeX Warning: Label `fig:bci_map' multiply defined.


LaTeX Warning: Label `fig:bci_map' multiply defined.


LaTeX Warning: Label `fig:bci_map' multiply defined.


LaTeX Warning: Label `fig:bci_map' multiply defined.


LaTeX Warning: Label `fig:bci_map' multiply defined.


LaTeX Warning: Label `fig:bci_map' multiply defined.


LaTeX Warning: Label `fig:bci_map' multiply defined.


LaTeX Warning: Label `fig:bci_map' multiply defined.


LaTeX Warning: Label `fig:bci_map' multiply defined.


LaTeX Warning: Label `fig:bci_map' multiply defined.


LaTeX Warning: Label `fig:bci_map' multiply defined.


LaTeX Warning: Label `fig:bci_map' multiply defined.


LaTeX Warning: Label `fig:bci_map' multiply defined.


LaTeX Warning: Label `fig:bci_map' multiply defined.


LaTeX Warning: Label `fig:bci_map' multiply defined.


LaTeX Warning: Label `fig:bci_map' multiply defined.


LaTeX Warning: Label `fig:bci_map' multiply defined.


LaTeX Warning: Label `fig:bci_map' multiply defined.


LaTeX Warning: Label `fig:bci_map' multiply defined.


LaTeX Warning: Label `fig:bci_map' multiply defined.


LaTeX Warning: Label `fig:bci_map' multiply defined.


LaTeX Warning: Label `fig:bci_map' multiply defined.


LaTeX Warning: Label `fig:bci_map' multiply defined.


LaTeX Warning: Label `fig:bci_map' multiply defined.


LaTeX Warning: Label `fig:bci_map' multiply defined.


LaTeX Warning: Label `fig:bci_map' multiply defined.


LaTeX Warning: Label `fig:bci_map' multiply defined.


LaTeX Warning: Label `fig:bci_map' multiply defined.


LaTeX Warning: Label `fig:bci_map' multiply defined.


LaTeX Warning: Label `fig:bci_map' multiply defined.


LaTeX Warning: Label `fig:bci_map' multiply defined.


LaTeX Warning: Label `fig:bci_map' multiply defined.


LaTeX Warning: Label `fig:bci_map' multiply defined.


LaTeX Warning: Label `fig:bci_map' multiply defined.


LaTeX Warning: Label `fig:bci_map' multiply defined.


LaTeX Warning: Label `fig:bci_map' multiply defined.


LaTeX Warning: Label `fig:bci_map' multiply defined.


LaTeX Warning: Label `fig:bci_map' multiply defined.


LaTeX Warning: Label `fig:bci_map' multiply defined.


LaTeX Warning: Label `fig:bci_map' multiply defined.

)
\openout1 = `manuscrito.aux'.

LaTeX Font Info:    Checking defaults for OML/cmm/m/it on input line 131.
LaTeX Font Info:    ... okay on input line 131.
LaTeX Font Info:    Checking defaults for T1/cmr/m/n on input line 131.
LaTeX Font Info:    ... okay on input line 131.
LaTeX Font Info:    Checking defaults for OT1/cmr/m/n on input line 131.
LaTeX Font Info:    ... okay on input line 131.
LaTeX Font Info:    Checking defaults for OMS/cmsy/m/n on input line 131.
LaTeX Font Info:    ... okay on input line 131.
LaTeX Font Info:    Checking defaults for OMX/cmex/m/n on input line 131.
LaTeX Font Info:    ... okay on input line 131.
LaTeX Font Info:    Checking defaults for U/cmr/m/n on input line 131.
LaTeX Font Info:    ... okay on input line 131.
LaTeX Font Info:    Checking defaults for PD1/pdf/m/n on input line 131.
LaTeX Font Info:    ... okay on input line 131.
LaTeX Font Info:    Checking defaults for PU/pdf/m/n on input line 131.
LaTeX Font Info:    ... okay on input line 131.
LaTeX Font Info:    Try loading font information for T1+ppl on input line 131.
(/usr/share/texlive/texmf-dist/tex/latex/psnfss/t1ppl.fd
File: t1ppl.fd 2001/06/04 font definitions for T1/ppl.
)
*geometry* driver: auto-detecting
*geometry* detected driver: pdftex
*geometry* verbose mode - [ preamble ] result:
* driver: pdftex
* paper: <default>
* layout: <same size as paper>
* layoutoffset:(h,v)=(0.0pt,0.0pt)
* modes: 
* h-part:(L,W,R)=(72.26999pt, 469.75502pt, 72.26999pt)
* v-part:(T,H,B)=(72.26999pt, 650.43001pt, 72.26999pt)
* \paperwidth=614.295pt
* \paperheight=794.96999pt
* \textwidth=469.75502pt
* \textheight=650.43001pt
* \oddsidemargin=0.0pt
* \evensidemargin=0.0pt
* \topmargin=-37.0pt
* \headheight=12.0pt
* \headsep=25.0pt
* \topskip=11.0pt
* \footskip=30.0pt
* \marginparwidth=59.0pt
* \marginparsep=10.0pt
* \columnsep=10.0pt
* \skip\footins=10.0pt plus 4.0pt minus 2.0pt
* \hoffset=0.0pt
* \voffset=0.0pt
* \mag=1000
* \@twocolumnfalse
* \@twosidefalse
* \@mparswitchfalse
* \@reversemarginfalse
* (1in=72.27pt=25.4mm, 1cm=28.453pt)

\big@size=\dimen122
(/usr/share/texlive/texmf-dist/tex/context/base/mkii/supp-pdf.mkii
[Loading MPS to PDF converter (version 2006.09.02).]
\scratchcounter=\count102
\scratchdimen=\dimen123
\scratchbox=\box29
\nofMPsegments=\count103
\nofMParguments=\count104
\everyMPshowfont=\toks21
\MPscratchCnt=\count105
\MPscratchDim=\dimen124
\MPnumerator=\count106
\makeMPintoPDFobject=\count107
\everyMPtoPDFconversion=\toks22
) (/usr/share/texlive/texmf-dist/tex/latex/oberdiek/epstopdf-base.sty
Package: epstopdf-base 2016/05/15 v2.6 Base part for package epstopdf
(/usr/share/texlive/texmf-dist/tex/latex/oberdiek/grfext.sty
Package: grfext 2016/05/16 v1.2 Manage graphics extensions (HO)
)
Package epstopdf-base Info: Redefining graphics rule for `.eps' on input line 4
38.
Package grfext Info: Graphics extension search list:
(grfext)             [.pdf,.png,.jpg,.mps,.jpeg,.jbig2,.jb2,.PDF,.PNG,.JPG,.JPE
G,.JBIG2,.JB2,.eps]
(grfext)             \AppendGraphicsExtensions on input line 456.
(/usr/share/texlive/texmf-dist/tex/latex/latexconfig/epstopdf-sys.cfg
File: epstopdf-sys.cfg 2010/07/13 v1.3 Configuration of (r)epstopdf for TeX Liv
e
))
\AtBeginShipoutBox=\box30
Package hyperref Info: Link coloring ON on input line 131.
(/usr/share/texlive/texmf-dist/tex/latex/hyperref/nameref.sty
Package: nameref 2016/05/21 v2.44 Cross-referencing by name of section
(/usr/share/texlive/texmf-dist/tex/generic/oberdiek/gettitlestring.sty
Package: gettitlestring 2016/05/16 v1.5 Cleanup title references (HO)
)
\c@section@level=\count108
)
LaTeX Info: Redefining \ref on input line 131.
LaTeX Info: Redefining \pageref on input line 131.
LaTeX Info: Redefining \nameref on input line 131.
(./manuscrito.out) (./manuscrito.out)
\@outlinefile=\write3
\openout3 = `manuscrito.out'.

LaTeX Font Info:    Font shape `T1/ppl/bx/n' in size <11> not available
(Font)              Font shape `T1/ppl/b/n' tried instead on input line 147.
LaTeX Font Info:    Try loading font information for T1+phv on input line 147.
(/usr/share/texlive/texmf-dist/tex/latex/psnfss/t1phv.fd
File: t1phv.fd 2001/06/04 scalable font definitions for T1/phv.
)
LaTeX Font Info:    Font shape `T1/phv/bx/n' in size <11> not available
(Font)              Font shape `T1/phv/b/n' tried instead on input line 147.
LaTeX Font Info:    Font shape `T1/ppl/bx/n' in size <10.95> not available
(Font)              Font shape `T1/ppl/b/n' tried instead on input line 199.
[1

{/var/lib/texmf/fonts/map/pdftex/updmap/pdftex.map}] [2]
<mapa_cuadros.png, id=101, 995.72pt x 762.85pt>
File: mapa_cuadros.png Graphic file (type png)
<use mapa_cuadros.png>
Package pdftex.def Info: mapa_cuadros.png  used on input line 344.
(pdftex.def)             Requested size: 469.7661pt x 359.90144pt.
[3]
Overfull \hbox (0.6471pt too wide) in paragraph at lines 357--364
[]\T1/ppl/m/n/10.95 Los méto-dos que hasta el mo-mento he señal-ado cor-re-spon
-den a los ma-pas en los cuales aparece
 []

[4pdfTeX warning (ext4): destination with the same identifier (name{figure.1}) 
has been already used, duplicate ignored

\AtBegShi@Output ...ipout \box \AtBeginShipoutBox 
                                                  \fi \fi 
l.376 
       <./mapa_cuadros.png>] [5]
<mapa_cuadros_ph.png, id=117, 995.72pt x 762.85pt>
File: mapa_cuadros_ph.png Graphic file (type png)
<use mapa_cuadros_ph.png>
Package pdftex.def Info: mapa_cuadros_ph.png  used on input line 457.
(pdftex.def)             Requested size: 469.7661pt x 359.90144pt.
[6pdfTeX warning (ext4): destination with the same identifier (name{figure.2}) 
has been already used, duplicate ignored

\AtBegShi@Output ...ipout \box \AtBeginShipoutBox 
                                                  \fi \fi 
l.476 
       <./mapa_cuadros_ph.png>]
<mapa_cuadros_abun_global.png, id=124, 995.72pt x 762.85pt>
File: mapa_cuadros_abun_global.png Graphic file (type png)
<use mapa_cuadros_abun_global.png>
Package pdftex.def Info: mapa_cuadros_abun_global.png  used on input line 479.
(pdftex.def)             Requested size: 469.7661pt x 359.90144pt.
<mapa_cuadros_abun_mi_familia.png, id=125, 995.72pt x 762.85pt>
File: mapa_cuadros_abun_mi_familia.png Graphic file (type png)
<use mapa_cuadros_abun_mi_familia.png>
Package pdftex.def Info: mapa_cuadros_abun_mi_familia.png  used on input line 4
96.
(pdftex.def)             Requested size: 469.7661pt x 359.90144pt.
[7pdfTeX warning (ext4): destination with the same identifier (name{figure.3}) 
has been already used, duplicate ignored

\AtBegShi@Output ...ipout \box \AtBeginShipoutBox 
                                                  \fi \fi 
l.500 
       <./mapa_cuadros_abun_global.png>]
<mapa_cuadros_pendiente.png, id=133, 995.72pt x 762.85pt>
File: mapa_cuadros_pendiente.png Graphic file (type png)
<use mapa_cuadros_pendiente.png>
Package pdftex.def Info: mapa_cuadros_pendiente.png  used on input line 523.
(pdftex.def)             Requested size: 469.7661pt x 359.90144pt.
[8pdfTeX warning (ext4): destination with the same identifier (name{figure.4}) 
has been already used, duplicate ignored

\AtBegShi@Output ...ipout \box \AtBeginShipoutBox 
                                                  \fi \fi 
l.527 
       <./mapa_cuadros_abun_mi_familia.png>]
<mapas_variables_ambientales_numericas.png, id=140, 819.06pt x 520.344pt>
File: mapas_variables_ambientales_numericas.png Graphic file (type png)
<use mapas_variables_ambientales_numericas.png>
Package pdftex.def Info: mapas_variables_ambientales_numericas.png  used on inp
ut line 536.
(pdftex.def)             Requested size: 469.76855pt x 298.44118pt.
[9pdfTeX warning (ext4): destination with the same identifier (name{figure.5}) 
has been already used, duplicate ignored

\AtBegShi@Output ...ipout \box \AtBeginShipoutBox 
                                                  \fi \fi 
l.540 
       <./mapa_cuadros_pendiente.png>]
<mapas_variables_ambientales_nominales_tmap.png, id=147, 412.97144pt x 247.7828
5pt>
File: mapas_variables_ambientales_nominales_tmap.png Graphic file (type png)
<use mapas_variables_ambientales_nominales_tmap.png>
Package pdftex.def Info: mapas_variables_ambientales_nominales_tmap.png  used o
n input line 559.
(pdftex.def)             Requested size: 412.97041pt x 247.78224pt.
[10pdfTeX warning (ext4): destination with the same identifier (name{figure.6})
 has been already used, duplicate ignored

\AtBegShi@Output ...ipout \box \AtBeginShipoutBox 
                                                  \fi \fi 
l.563 
       <./mapas_variables_ambientales_numericas.png (PNG copy)>]
<mapa_cuadros_riq_mi_familia.png, id=153, 995.72pt x 762.85pt>
File: mapa_cuadros_riq_mi_familia.png Graphic file (type png)
<use mapa_cuadros_riq_mi_familia.png>
Package pdftex.def Info: mapa_cuadros_riq_mi_familia.png  used on input line 58
4.
(pdftex.def)             Requested size: 469.7661pt x 359.90144pt.
[11pdfTeX warning (ext4): destination with the same identifier (name{figure.7})
 has been already used, duplicate ignored

\AtBegShi@Output ...ipout \box \AtBeginShipoutBox 
                                                  \fi \fi 
l.588 
       <./mapas_variables_ambientales_nominales_tmap.png (PNG copy)>]
<mapa_cuadros_riq_global.png, id=159, 995.72pt x 762.85pt>
File: mapa_cuadros_riq_global.png Graphic file (type png)
<use mapa_cuadros_riq_global.png>
Package pdftex.def Info: mapa_cuadros_riq_global.png  used on input line 602.
(pdftex.def)             Requested size: 469.7661pt x 359.90144pt.
[12pdfTeX warning (ext4): destination with the same identifier (name{figure.8})
 has been already used, duplicate ignored

\AtBegShi@Output ...ipout \box \AtBeginShipoutBox 
                                                  \fi \fi 
l.606 
       <./mapa_cuadros_riq_mi_familia.png>]
<matriz_disimilaridad_hellinger.png, id=166, 2409.0pt x 1204.5pt>
File: matriz_disimilaridad_hellinger.png Graphic file (type png)
<use matriz_disimilaridad_hellinger.png>
Package pdftex.def Info: matriz_disimilaridad_hellinger.png  used on input line
 628.
(pdftex.def)             Requested size: 469.73474pt x 234.86737pt.
[13pdfTeX warning (ext4): destination with the same identifier (name{figure.9})
 has been already used, duplicate ignored

\AtBegShi@Output ...ipout \box \AtBeginShipoutBox 
                                                  \fi \fi 
l.632 
       <./mapa_cuadros_riq_global.png>]
<matrizdedisimilaridad.png, id=174, 541.27219pt x 319.94531pt>
File: matrizdedisimilaridad.png Graphic file (type png)
<use matrizdedisimilaridad.png>
Package pdftex.def Info: matrizdedisimilaridad.png  used on input line 659.
(pdftex.def)             Requested size: 469.7715pt x 277.68134pt.
[14pdfTeX warning (ext4): destination with the same identifier (name{figure.10}
) has been already used, duplicate ignored

\AtBegShi@Output ...ipout \box \AtBeginShipoutBox 
                                                  \fi \fi 
l.663 
       <./matriz_disimilaridad_hellinger.png (PNG copy)>]
<matriz_similaridad.png, id=181, 491.58656pt x 286.06876pt>
File: matriz_similaridad.png Graphic file (type png)
<use matriz_similaridad.png>
Package pdftex.def Info: matriz_similaridad.png  used on input line 689.
(pdftex.def)             Requested size: 469.77245pt x 273.37448pt.
[15pdfTeX warning (ext4): destination with the same identifier (name{figure.11}
) has been already used, duplicate ignored

\AtBegShi@Output ...ipout \box \AtBeginShipoutBox 
                                                  \fi \fi 
l.693 
       <./matrizdedisimilaridad.png (PNG copy)>]
<mapadecalor.png, id=187, 541.27219pt x 320.69812pt>
File: mapadecalor.png Graphic file (type png)
<use mapadecalor.png>
Package pdftex.def Info: mapadecalor.png  used on input line 717.
(pdftex.def)             Requested size: 469.7715pt x 278.3347pt.
[16pdfTeX warning (ext4): destination with the same identifier (name{figure.12}
) has been already used, duplicate ignored

\AtBegShi@Output ...ipout \box \AtBeginShipoutBox 
                                                  \fi \fi 
l.721 
       <./matriz_similaridad.png (PNG copy)>]
<matriz_correlacion_suelo_abun_riq_spearman.png, id=193, 1110.0672pt x 624.4128
pt>
File: matriz_correlacion_suelo_abun_riq_spearman.png Graphic file (type png)
<use matriz_correlacion_suelo_abun_riq_spearman.png>
Package pdftex.def Info: matriz_correlacion_suelo_abun_riq_spearman.png  used o
n input line 742.
(pdftex.def)             Requested size: 469.7482pt x 264.23335pt.
[17pdfTeX warning (ext4): destination with the same identifier (name{figure.13}
) has been already used, duplicate ignored

\AtBegShi@Output ...ipout \box \AtBeginShipoutBox 
                                                  \fi \fi 
l.746 
       <./mapadecalor.png (PNG copy)>]
<sitios_composicion_distancia_cuerdas.png, id=199, 491.58656pt x 286.06876pt>
File: sitios_composicion_distancia_cuerdas.png Graphic file (type png)
<use sitios_composicion_distancia_cuerdas.png>
Package pdftex.def Info: sitios_composicion_distancia_cuerdas.png  used on inpu
t line 764.
(pdftex.def)             Requested size: 469.77245pt x 273.37448pt.
[18pdfTeX warning (ext4): destination with the same identifier (name{figure.14}
) has been already used, duplicate ignored

\AtBegShi@Output ...ipout \box \AtBeginShipoutBox 
                                                  \fi \fi 
l.768 
       <./matriz_correlacion_suelo_abun_riq_spearman.png (PNG copy)>]
<analisis_interpretacion_dendrogramas.png, id=205, 541.27219pt x 320.69812pt>
File: analisis_interpretacion_dendrogramas.png Graphic file (type png)
<use analisis_interpretacion_dendrogramas.png>
Package pdftex.def Info: analisis_interpretacion_dendrogramas.png  used on inpu
t line 784.
(pdftex.def)             Requested size: 469.7715pt x 278.3347pt.
[19pdfTeX warning (ext4): destination with the same identifier (name{figure.15}
) has been already used, duplicate ignored

\AtBegShi@Output ...ipout \box \AtBeginShipoutBox 
                                                  \fi \fi 
l.788 
       <./sitios_composicion_distancia_cuerdas.png>]
<sitios_metodo_ward.png, id=213, 491.58656pt x 286.06876pt>
File: sitios_metodo_ward.png Graphic file (type png)
<use sitios_metodo_ward.png>
Package pdftex.def Info: sitios_metodo_ward.png  used on input line 804.
(pdftex.def)             Requested size: 469.77245pt x 273.37448pt.
[20pdfTeX warning (ext4): destination with the same identifier (name{figure.16}
) has been already used, duplicate ignored

\AtBegShi@Output ...ipout \box \AtBeginShipoutBox 
                                                  \fi \fi 
l.808 
       <./analisis_interpretacion_dendrogramas.png>]
<agrupamiento_dendrograma.png, id=220, 541.27219pt x 320.69812pt>
File: agrupamiento_dendrograma.png Graphic file (type png)
<use agrupamiento_dendrograma.png>
Package pdftex.def Info: agrupamiento_dendrograma.png  used on input line 836.
(pdftex.def)             Requested size: 469.7715pt x 278.3347pt.
[21pdfTeX warning (ext4): destination with the same identifier (name{figure.17}
) has been already used, duplicate ignored

\AtBegShi@Output ...ipout \box \AtBeginShipoutBox 
                                                  \fi \fi 
l.840 
       <./sitios_metodo_ward.png>]
<comparacion_dendrograma_mapa_calor.png, id=227, 541.27219pt x 320.69812pt>
File: comparacion_dendrograma_mapa_calor.png Graphic file (type png)
<use comparacion_dendrograma_mapa_calor.png>
Package pdftex.def Info: comparacion_dendrograma_mapa_calor.png  used on input 
line 862.
(pdftex.def)             Requested size: 469.7715pt x 278.3347pt.
[22pdfTeX warning (ext4): destination with the same identifier (name{figure.18}
) has been already used, duplicate ignored

\AtBegShi@Output ...ipout \box \AtBeginShipoutBox 
                                                  \fi \fi 
l.866 
       <./agrupamiento_dendrograma.png (PNG copy)>]
<multiescalar_bootstrap.png, id=233, 501.37312pt x 283.0575pt>
File: multiescalar_bootstrap.png Graphic file (type png)
<use multiescalar_bootstrap.png>
Package pdftex.def Info: multiescalar_bootstrap.png  used on input line 869.
(pdftex.def)             Requested size: 469.77603pt x 265.21889pt.
[23pdfTeX warning (ext4): destination with the same identifier (name{figure.19}
) has been already used, duplicate ignored

\AtBegShi@Output ...ipout \box \AtBeginShipoutBox 
                                                  \fi \fi 
l.878 
      pdfTeX warning (ext4): destination with the same identifier (name{figure.
20}) has been already used, duplicate ignored

\AtBegShi@Output ...ipout \box \AtBeginShipoutBox 
                                                  \fi \fi 
l.878 
       <./comparacion_dendrograma_mapa_calor.png (PNG copy)> <./multiescalar_bo
otstrap.png (PNG copy)>]
<agrupamiento_dendrogramas_porcentajes.png, id=240, 541.27219pt x 320.69812pt>
File: agrupamiento_dendrogramas_porcentajes.png Graphic file (type png)
<use agrupamiento_dendrogramas_porcentajes.png>
Package pdftex.def Info: agrupamiento_dendrogramas_porcentajes.png  used on inp
ut line 881.
(pdftex.def)             Requested size: 469.7715pt x 278.3347pt.
<mapa_upgma_k2.png, id=241, 995.72pt x 762.85pt>
File: mapa_upgma_k2.png Graphic file (type png)
<use mapa_upgma_k2.png>
Package pdftex.def Info: mapa_upgma_k2.png  used on input line 910.
(pdftex.def)             Requested size: 469.7661pt x 359.90144pt.
[24pdfTeX warning (ext4): destination with the same identifier (name{figure.21}
) has been already used, duplicate ignored

\AtBegShi@Output ...ipout \box \AtBeginShipoutBox 
                                                  \fi \fi 
l.914 
       <./agrupamiento_dendrogramas_porcentajes.png (PNG copy)>]
<mapas_variables_ambientales.png, id=247, 541.27219pt x 320.69812pt>
File: mapas_variables_ambientales.png Graphic file (type png)
<use mapas_variables_ambientales.png>
Package pdftex.def Info: mapas_variables_ambientales.png  used on input line 91
7.
(pdftex.def)             Requested size: 469.7715pt x 278.3347pt.
[25pdfTeX warning (ext4): destination with the same identifier (name{figure.22}
) has been already used, duplicate ignored

\AtBegShi@Output ...ipout \box \AtBeginShipoutBox 
                                                  \fi \fi 
l.921 
       <./mapa_upgma_k2.png>]
<mapa_ward_k3.png, id=255, 995.72pt x 762.85pt>
File: mapa_ward_k3.png Graphic file (type png)
<use mapa_ward_k3.png>
Package pdftex.def Info: mapa_ward_k3.png  used on input line 941.
(pdftex.def)             Requested size: 469.7661pt x 359.90144pt.
[26pdfTeX warning (ext4): destination with the same identifier (name{figure.23}
) has been already used, duplicate ignored

\AtBegShi@Output ...ipout \box \AtBeginShipoutBox 
                                                  \fi \fi 
l.945 
       <./mapas_variables_ambientales.png (PNG copy)>]
<cuadro_cajas_ward.png, id=261, 541.27219pt x 320.69812pt>
File: cuadro_cajas_ward.png Graphic file (type png)
<use cuadro_cajas_ward.png>
Package pdftex.def Info: cuadro_cajas_ward.png  used on input line 948.
(pdftex.def)             Requested size: 469.7715pt x 278.3347pt.
[27pdfTeX warning (ext4): destination with the same identifier (name{figure.24}
) has been already used, duplicate ignored

\AtBegShi@Output ...ipout \box \AtBeginShipoutBox 
                                                  \fi \fi 
l.952 
       <./mapa_ward_k3.png>] [28pdfTeX warning (ext4): destination with the sam
e identifier (name{figure.25}) has been already used, duplicate ignored

\AtBegShi@Output ...ipout \box \AtBeginShipoutBox 
                                                  \fi \fi 
l.994 
       <./cuadro_cajas_ward.png (PNG copy)>]
<modelo_abundancia_especie.png, id=273, 491.58656pt x 286.06876pt>
File: modelo_abundancia_especie.png Graphic file (type png)
<use modelo_abundancia_especie.png>
Package pdftex.def Info: modelo_abundancia_especie.png  used on input line 1020
.
(pdftex.def)             Requested size: 469.77245pt x 273.37448pt.
<Numero_individuos.png, id=274, 491.58656pt x 286.06876pt>
File: Numero_individuos.png Graphic file (type png)
<use Numero_individuos.png>
Package pdftex.def Info: Numero_individuos.png  used on input line 1033.
(pdftex.def)             Requested size: 469.77245pt x 273.37448pt.
[29pdfTeX warning (ext4): destination with the same identifier (name{figure.26}
) has been already used, duplicate ignored

\AtBegShi@Output ...ipout \box \AtBeginShipoutBox 
                                                  \fi \fi 
l.1036 \end{figure}
                    <./modelo_abundancia_especie.png (PNG copy)>]
File: mapa_cuadros.png Graphic file (type png)
<use mapa_cuadros.png>
Package pdftex.def Info: mapa_cuadros.png  used on input line 1054.
(pdftex.def)             Requested size: 469.7661pt x 359.90144pt.
[30pdfTeX warning (ext4): destination with the same identifier (name{figure.27}
) has been already used, duplicate ignored

\AtBegShi@Output ...ipout \box \AtBeginShipoutBox 
                                                  \fi \fi 
l.1058 
        <./Numero_individuos.png (PNG copy)>]
<diversidad_beta.png, id=285, 541.27219pt x 320.69812pt>
File: diversidad_beta.png Graphic file (type png)
<use diversidad_beta.png>
Package pdftex.def Info: diversidad_beta.png  used on input line 1061.
(pdftex.def)             Requested size: 469.7715pt x 278.3347pt.
[31pdfTeX warning (ext4): destination with the same identifier (name{figure.28}
) has been already used, duplicate ignored

\AtBegShi@Output ...ipout \box \AtBeginShipoutBox 
                                                  \fi \fi 
l.1065 
       ]
<mi_fam_hel_pca.png, id=292, 491.58656pt x 286.06876pt>
File: mi_fam_hel_pca.png Graphic file (type png)
<use mi_fam_hel_pca.png>
Package pdftex.def Info: mi_fam_hel_pca.png  used on input line 1087.
(pdftex.def)             Requested size: 469.77245pt x 273.37448pt.
[32pdfTeX warning (ext4): destination with the same identifier (name{figure.29}
) has been already used, duplicate ignored

\AtBegShi@Output ...ipout \box \AtBeginShipoutBox 
                                                  \fi \fi 
l.1091 
        <./diversidad_beta.png>]
<escalamiento_1_2.png, id=299, 491.58656pt x 286.06876pt>
File: escalamiento_1_2.png Graphic file (type png)
<use escalamiento_1_2.png>
Package pdftex.def Info: escalamiento_1_2.png  used on input line 1099.
(pdftex.def)             Requested size: 469.77245pt x 273.37448pt.
[33pdfTeX warning (ext4): destination with the same identifier (name{figure.30}
) has been already used, duplicate ignored

\AtBegShi@Output ...ipout \box \AtBeginShipoutBox 
                                                  \fi \fi 
l.1103 
        <./mi_fam_hel_pca.png (PNG copy)>]
<escalamiento_ajuste_2.png, id=305, 491.58656pt x 286.06876pt>
File: escalamiento_ajuste_2.png Graphic file (type png)
<use escalamiento_ajuste_2.png>
Package pdftex.def Info: escalamiento_ajuste_2.png  used on input line 1116.
(pdftex.def)             Requested size: 469.77245pt x 273.37448pt.
[34pdfTeX warning (ext4): destination with the same identifier (name{figure.31}
) has been already used, duplicate ignored

\AtBegShi@Output ...ipout \box \AtBeginShipoutBox 
                                                  \fi \fi 
l.1120 
        <./escalamiento_1_2.png (PNG copy)>]
<rda_escala_especies.png, id=311, 541.27219pt x 320.69812pt>
File: rda_escala_especies.png Graphic file (type png)
<use rda_escala_especies.png>
Package pdftex.def Info: rda_escala_especies.png  used on input line 1144.
(pdftex.def)             Requested size: 469.7715pt x 278.3347pt.
[35pdfTeX warning (ext4): destination with the same identifier (name{figure.32}
) has been already used, duplicate ignored

\AtBegShi@Output ...ipout \box \AtBeginShipoutBox 
                                                  \fi \fi 
l.1148 
        <./escalamiento_ajuste_2.png (PNG copy)>]
<rda_escalamiento_escala_5.png, id=317, 541.27219pt x 320.69812pt>
File: rda_escalamiento_escala_5.png Graphic file (type png)
<use rda_escalamiento_escala_5.png>
Package pdftex.def Info: rda_escalamiento_escala_5.png  used on input line 1151
.
(pdftex.def)             Requested size: 469.7715pt x 278.3347pt.
[36pdfTeX warning (ext4): destination with the same identifier (name{figure.33}
) has been already used, duplicate ignored

\AtBegShi@Output ...ipout \box \AtBeginShipoutBox 
                                                  \fi \fi 
l.1155 
        <./rda_escala_especies.png (PNG copy)>]
<rda_especies_escala_4.png, id=324, 541.27219pt x 320.69812pt>
File: rda_especies_escala_4.png Graphic file (type png)
<use rda_especies_escala_4.png>
Package pdftex.def Info: rda_especies_escala_4.png  used on input line 1158.
(pdftex.def)             Requested size: 469.7715pt x 278.3347pt.
[37pdfTeX warning (ext4): destination with the same identifier (name{figure.34}
) has been already used, duplicate ignored

\AtBegShi@Output ...ipout \box \AtBeginShipoutBox 
                                                  \fi \fi 
l.1162 
        <./rda_escalamiento_escala_5.png (PNG copy)>]
<multiples_especies.png, id=331, 813.79031pt x 389.20406pt>
File: multiples_especies.png Graphic file (type png)
<use multiples_especies.png>
Package pdftex.def Info: multiples_especies.png  used on input line 1193.
(pdftex.def)             Requested size: 469.75116pt x 224.66359pt.
[38pdfTeX warning (ext4): destination with the same identifier (name{figure.35}
) has been already used, duplicate ignored

\AtBegShi@Output ...ipout \box \AtBeginShipoutBox 
                                                  \fi \fi 
l.1197 
        <./rda_especies_escala_4.png (PNG copy)>] [39pdfTeX warning (ext4): des
tination with the same identifier (name{figure.36}) has been already used, dupl
icate ignored

\AtBegShi@Output ...ipout \box \AtBeginShipoutBox 
                                                  \fi \fi 
l.1236 
        <./multiples_especies.png>] [40]
LaTeX Font Info:    Try loading font information for OT1+ppl on input line 1378
.
(/usr/share/texlive/texmf-dist/tex/latex/psnfss/ot1ppl.fd
File: ot1ppl.fd 2001/06/04 font definitions for OT1/ppl.
)
LaTeX Font Info:    Try loading font information for OML+zplm on input line 137
8.
(/usr/share/texlive/texmf-dist/tex/latex/psnfss/omlzplm.fd
File: omlzplm.fd 2002/09/08 Fontinst v1.914 font definitions for OML/zplm.
)
LaTeX Font Info:    Try loading font information for OMS+zplm on input line 137
8.
(/usr/share/texlive/texmf-dist/tex/latex/psnfss/omszplm.fd
File: omszplm.fd 2002/09/08 Fontinst v1.914 font definitions for OMS/zplm.
)
LaTeX Font Info:    Try loading font information for OMX+zplm on input line 137
8.
(/usr/share/texlive/texmf-dist/tex/latex/psnfss/omxzplm.fd
File: omxzplm.fd 2002/09/08 Fontinst v1.914 font definitions for OMX/zplm.
)
LaTeX Font Info:    Try loading font information for OT1+zplm on input line 137
8.
(/usr/share/texlive/texmf-dist/tex/latex/psnfss/ot1zplm.fd
File: ot1zplm.fd 2002/09/08 Fontinst v1.914 font definitions for OT1/zplm.
) [41]
File: mapa_cuadros.png Graphic file (type png)
<use mapa_cuadros.png>
Package pdftex.def Info: mapa_cuadros.png  used on input line 1412.
(pdftex.def)             Requested size: 469.7661pt x 359.90144pt.
[42]
File: mapa_cuadros_ph.png Graphic file (type png)
<use mapa_cuadros_ph.png>
Package pdftex.def Info: mapa_cuadros_ph.png  used on input line 1418.
(pdftex.def)             Requested size: 469.7661pt x 359.90144pt.
[43pdfTeX warning (ext4): destination with the same identifier (name{figure.37}
) has been already used, duplicate ignored

\AtBegShi@Output ...ipout \box \AtBeginShipoutBox 
                                                  \fi \fi 
l.1421 
       ]
File: mapa_cuadros_abun_global.png Graphic file (type png)
<use mapa_cuadros_abun_global.png>
Package pdftex.def Info: mapa_cuadros_abun_global.png  used on input line 1424.

(pdftex.def)             Requested size: 469.7661pt x 359.90144pt.
[44pdfTeX warning (ext4): destination with the same identifier (name{figure.38}
) has been already used, duplicate ignored

\AtBegShi@Output ...ipout \box \AtBeginShipoutBox 
                                                  \fi \fi 
l.1428 
       ]
File: mapa_cuadros_pendiente.png Graphic file (type png)
<use mapa_cuadros_pendiente.png>
Package pdftex.def Info: mapa_cuadros_pendiente.png  used on input line 1431.
(pdftex.def)             Requested size: 469.7661pt x 359.90144pt.
[45pdfTeX warning (ext4): destination with the same identifier (name{figure.39}
) has been already used, duplicate ignored

\AtBegShi@Output ...ipout \box \AtBeginShipoutBox 
                                                  \fi \fi 
l.1435 
       ]
File: mapa_cuadros_riq_global.png Graphic file (type png)
<use mapa_cuadros_riq_global.png>
Package pdftex.def Info: mapa_cuadros_riq_global.png  used on input line 1438.
(pdftex.def)             Requested size: 469.7661pt x 359.90144pt.
[46pdfTeX warning (ext4): destination with the same identifier (name{figure.40}
) has been already used, duplicate ignored

\AtBegShi@Output ...ipout \box \AtBeginShipoutBox 
                                                  \fi \fi 
l.1442 
       ]
File: mapas_variables_ambientales_numericas.png Graphic file (type png)
<use mapas_variables_ambientales_numericas.png>
Package pdftex.def Info: mapas_variables_ambientales_numericas.png  used on inp
ut line 1445.
(pdftex.def)             Requested size: 469.76855pt x 298.44118pt.
[47pdfTeX warning (ext4): destination with the same identifier (name{figure.41}
) has been already used, duplicate ignored

\AtBegShi@Output ...ipout \box \AtBeginShipoutBox 
                                                  \fi \fi 
l.1449 
       ]
File: mapas_variables_ambientales_nominales_tmap.png Graphic file (type png)
<use mapas_variables_ambientales_nominales_tmap.png>
Package pdftex.def Info: mapas_variables_ambientales_nominales_tmap.png  used o
n input line 1452.
(pdftex.def)             Requested size: 412.97041pt x 247.78224pt.
File: mapa_cuadros_riq_mi_familia.png Graphic file (type png)
<use mapa_cuadros_riq_mi_familia.png>
Package pdftex.def Info: mapa_cuadros_riq_mi_familia.png  used on input line 14
59.
(pdftex.def)             Requested size: 469.7661pt x 359.90144pt.
[48pdfTeX warning (ext4): destination with the same identifier (name{figure.42}
) has been already used, duplicate ignored

\AtBegShi@Output ...ipout \box \AtBeginShipoutBox 
                                                  \fi \fi 
l.1463 
       pdfTeX warning (ext4): destination with the same identifier (name{figure
.43}) has been already used, duplicate ignored

\AtBegShi@Output ...ipout \box \AtBeginShipoutBox 
                                                  \fi \fi 
l.1463 
       ]
File: matriz_disimilaridad_hellinger.png Graphic file (type png)
<use matriz_disimilaridad_hellinger.png>
Package pdftex.def Info: matriz_disimilaridad_hellinger.png  used on input line
 1466.
(pdftex.def)             Requested size: 469.73474pt x 234.86737pt.
[49pdfTeX warning (ext4): destination with the same identifier (name{figure.44}
) has been already used, duplicate ignored

\AtBegShi@Output ...ipout \box \AtBeginShipoutBox 
                                                  \fi \fi 
l.1470 
       ]
File: matrizdedisimilaridad.png Graphic file (type png)
<use matrizdedisimilaridad.png>
Package pdftex.def Info: matrizdedisimilaridad.png  used on input line 1473.
(pdftex.def)             Requested size: 469.7715pt x 277.68134pt.
File: matriz_similaridad.png Graphic file (type png)
<use matriz_similaridad.png>
Package pdftex.def Info: matriz_similaridad.png  used on input line 1480.
(pdftex.def)             Requested size: 469.77245pt x 273.37448pt.
[50pdfTeX warning (ext4): destination with the same identifier (name{figure.45}
) has been already used, duplicate ignored

\AtBegShi@Output ...ipout \box \AtBeginShipoutBox 
                                                  \fi \fi 
l.1484 
       pdfTeX warning (ext4): destination with the same identifier (name{figure
.46}) has been already used, duplicate ignored

\AtBegShi@Output ...ipout \box \AtBeginShipoutBox 
                                                  \fi \fi 
l.1484 
       ]
File: mapadecalor.png Graphic file (type png)
<use mapadecalor.png>
Package pdftex.def Info: mapadecalor.png  used on input line 1487.
(pdftex.def)             Requested size: 469.7715pt x 278.3347pt.
[51pdfTeX warning (ext4): destination with the same identifier (name{figure.47}
) has been already used, duplicate ignored

\AtBegShi@Output ...ipout \box \AtBeginShipoutBox 
                                                  \fi \fi 
l.1491 
       ]
File: matriz_correlacion_suelo_abun_riq_spearman.png Graphic file (type png)
<use matriz_correlacion_suelo_abun_riq_spearman.png>
Package pdftex.def Info: matriz_correlacion_suelo_abun_riq_spearman.png  used o
n input line 1494.
(pdftex.def)             Requested size: 469.7482pt x 264.23335pt.
File: sitios_composicion_distancia_cuerdas.png Graphic file (type png)
<use sitios_composicion_distancia_cuerdas.png>
Package pdftex.def Info: sitios_composicion_distancia_cuerdas.png  used on inpu
t line 1501.
(pdftex.def)             Requested size: 469.77245pt x 273.37448pt.
[52pdfTeX warning (ext4): destination with the same identifier (name{figure.48}
) has been already used, duplicate ignored

\AtBegShi@Output ...ipout \box \AtBeginShipoutBox 
                                                  \fi \fi 
l.1505 
       pdfTeX warning (ext4): destination with the same identifier (name{figure
.49}) has been already used, duplicate ignored

\AtBegShi@Output ...ipout \box \AtBeginShipoutBox 
                                                  \fi \fi 
l.1505 
       ]
File: analisis_interpretacion_dendrogramas.png Graphic file (type png)
<use analisis_interpretacion_dendrogramas.png>
Package pdftex.def Info: analisis_interpretacion_dendrogramas.png  used on inpu
t line 1508.
(pdftex.def)             Requested size: 469.7715pt x 278.3347pt.
[53pdfTeX warning (ext4): destination with the same identifier (name{figure.50}
) has been already used, duplicate ignored

\AtBegShi@Output ...ipout \box \AtBeginShipoutBox 
                                                  \fi \fi 
l.1512 
       ]
File: sitios_metodo_ward.png Graphic file (type png)
<use sitios_metodo_ward.png>
Package pdftex.def Info: sitios_metodo_ward.png  used on input line 1515.
(pdftex.def)             Requested size: 469.77245pt x 273.37448pt.
[54pdfTeX warning (ext4): destination with the same identifier (name{figure.51}
) has been already used, duplicate ignored

\AtBegShi@Output ...ipout \box \AtBeginShipoutBox 
                                                  \fi \fi 
l.1519 
       ]
File: agrupamiento_dendrograma.png Graphic file (type png)
<use agrupamiento_dendrograma.png>
Package pdftex.def Info: agrupamiento_dendrograma.png  used on input line 1522.

(pdftex.def)             Requested size: 469.7715pt x 278.3347pt.
[55pdfTeX warning (ext4): destination with the same identifier (name{figure.52}
) has been already used, duplicate ignored

\AtBegShi@Output ...ipout \box \AtBeginShipoutBox 
                                                  \fi \fi 
l.1526 
       ]
File: comparacion_dendrograma_mapa_calor.png Graphic file (type png)
<use comparacion_dendrograma_mapa_calor.png>
Package pdftex.def Info: comparacion_dendrograma_mapa_calor.png  used on input 
line 1529.
(pdftex.def)             Requested size: 469.7715pt x 278.3347pt.
[56pdfTeX warning (ext4): destination with the same identifier (name{figure.53}
) has been already used, duplicate ignored

\AtBegShi@Output ...ipout \box \AtBeginShipoutBox 
                                                  \fi \fi 
l.1533 
       ]
File: multiescalar_bootstrap.png Graphic file (type png)
<use multiescalar_bootstrap.png>
Package pdftex.def Info: multiescalar_bootstrap.png  used on input line 1536.
(pdftex.def)             Requested size: 469.77603pt x 265.21889pt.
File: agrupamiento_dendrogramas_porcentajes.png Graphic file (type png)
<use agrupamiento_dendrogramas_porcentajes.png>
Package pdftex.def Info: agrupamiento_dendrogramas_porcentajes.png  used on inp
ut line 1543.
(pdftex.def)             Requested size: 469.7715pt x 278.3347pt.
[57pdfTeX warning (ext4): destination with the same identifier (name{figure.54}
) has been already used, duplicate ignored

\AtBegShi@Output ...ipout \box \AtBeginShipoutBox 
                                                  \fi \fi 
l.1547 
       pdfTeX warning (ext4): destination with the same identifier (name{figure
.55}) has been already used, duplicate ignored

\AtBegShi@Output ...ipout \box \AtBeginShipoutBox 
                                                  \fi \fi 
l.1547 
       ]
File: mapa_upgma_k2.png Graphic file (type png)
<use mapa_upgma_k2.png>
Package pdftex.def Info: mapa_upgma_k2.png  used on input line 1550.
(pdftex.def)             Requested size: 469.7661pt x 359.90144pt.
[58pdfTeX warning (ext4): destination with the same identifier (name{figure.56}
) has been already used, duplicate ignored

\AtBegShi@Output ...ipout \box \AtBeginShipoutBox 
                                                  \fi \fi 
l.1554 
       ]
File: mapas_variables_ambientales.png Graphic file (type png)
<use mapas_variables_ambientales.png>
Package pdftex.def Info: mapas_variables_ambientales.png  used on input line 15
57.
(pdftex.def)             Requested size: 469.7715pt x 278.3347pt.
[59pdfTeX warning (ext4): destination with the same identifier (name{figure.57}
) has been already used, duplicate ignored

\AtBegShi@Output ...ipout \box \AtBeginShipoutBox 
                                                  \fi \fi 
l.1561 
       ]
File: mapa_ward_k3.png Graphic file (type png)
<use mapa_ward_k3.png>
Package pdftex.def Info: mapa_ward_k3.png  used on input line 1564.
(pdftex.def)             Requested size: 469.7661pt x 359.90144pt.
[60pdfTeX warning (ext4): destination with the same identifier (name{figure.58}
) has been already used, duplicate ignored

\AtBegShi@Output ...ipout \box \AtBeginShipoutBox 
                                                  \fi \fi 
l.1568 
       ]
File: cuadro_cajas_ward.png Graphic file (type png)
<use cuadro_cajas_ward.png>
Package pdftex.def Info: cuadro_cajas_ward.png  used on input line 1571.
(pdftex.def)             Requested size: 469.7715pt x 278.3347pt.
[61pdfTeX warning (ext4): destination with the same identifier (name{figure.59}
) has been already used, duplicate ignored

\AtBegShi@Output ...ipout \box \AtBeginShipoutBox 
                                                  \fi \fi 
l.1574 
       ]
File: modelo_abundancia_especie.png Graphic file (type png)
<use modelo_abundancia_especie.png>
Package pdftex.def Info: modelo_abundancia_especie.png  used on input line 1577
.
(pdftex.def)             Requested size: 469.77245pt x 273.37448pt.
[62pdfTeX warning (ext4): destination with the same identifier (name{figure.60}
) has been already used, duplicate ignored

\AtBegShi@Output ...ipout \box \AtBeginShipoutBox 
                                                  \fi \fi 
l.1581 
       ]
File: Numero_individuos.png Graphic file (type png)
<use Numero_individuos.png>
Package pdftex.def Info: Numero_individuos.png  used on input line 1584.
(pdftex.def)             Requested size: 469.77245pt x 273.37448pt.
File: diversidad_beta.png Graphic file (type png)
<use diversidad_beta.png>
Package pdftex.def Info: diversidad_beta.png  used on input line 1591.
(pdftex.def)             Requested size: 469.7715pt x 278.3347pt.
[63pdfTeX warning (ext4): destination with the same identifier (name{figure.61}
) has been already used, duplicate ignored

\AtBegShi@Output ...ipout \box \AtBeginShipoutBox 
                                                  \fi \fi 
l.1595 
       pdfTeX warning (ext4): destination with the same identifier (name{figure
.62}) has been already used, duplicate ignored

\AtBegShi@Output ...ipout \box \AtBeginShipoutBox 
                                                  \fi \fi 
l.1595 
       ]
File: mi_fam_hel_pca.png Graphic file (type png)
<use mi_fam_hel_pca.png>
Package pdftex.def Info: mi_fam_hel_pca.png  used on input line 1598.
(pdftex.def)             Requested size: 469.77245pt x 273.37448pt.
[64pdfTeX warning (ext4): destination with the same identifier (name{figure.63}
) has been already used, duplicate ignored

\AtBegShi@Output ...ipout \box \AtBeginShipoutBox 
                                                  \fi \fi 
l.1602 
       ]
File: escalamiento_1_2.png Graphic file (type png)
<use escalamiento_1_2.png>
Package pdftex.def Info: escalamiento_1_2.png  used on input line 1605.
(pdftex.def)             Requested size: 469.77245pt x 273.37448pt.
File: rda_escala_especies.png Graphic file (type png)
<use rda_escala_especies.png>
Package pdftex.def Info: rda_escala_especies.png  used on input line 1612.
(pdftex.def)             Requested size: 469.7715pt x 278.3347pt.
[65pdfTeX warning (ext4): destination with the same identifier (name{figure.64}
) has been already used, duplicate ignored

\AtBegShi@Output ...ipout \box \AtBeginShipoutBox 
                                                  \fi \fi 
l.1616 
       pdfTeX warning (ext4): destination with the same identifier (name{figure
.65}) has been already used, duplicate ignored

\AtBegShi@Output ...ipout \box \AtBeginShipoutBox 
                                                  \fi \fi 
l.1616 
       ]
File: rda_escalamiento_escala_5.png Graphic file (type png)
<use rda_escalamiento_escala_5.png>
Package pdftex.def Info: rda_escalamiento_escala_5.png  used on input line 1619
.
(pdftex.def)             Requested size: 469.7715pt x 278.3347pt.
[66pdfTeX warning (ext4): destination with the same identifier (name{figure.66}
) has been already used, duplicate ignored

\AtBegShi@Output ...ipout \box \AtBeginShipoutBox 
                                                  \fi \fi 
l.1623 
       ]
File: rda_especies_escala_4.png Graphic file (type png)
<use rda_especies_escala_4.png>
Package pdftex.def Info: rda_especies_escala_4.png  used on input line 1626.
(pdftex.def)             Requested size: 469.7715pt x 278.3347pt.
[67pdfTeX warning (ext4): destination with the same identifier (name{figure.67}
) has been already used, duplicate ignored

\AtBegShi@Output ...ipout \box \AtBeginShipoutBox 
                                                  \fi \fi 
l.1630 
       ]
File: multiples_especies.png Graphic file (type png)
<use multiples_especies.png>
Package pdftex.def Info: multiples_especies.png  used on input line 1631.
(pdftex.def)             Requested size: 469.75116pt x 224.66359pt.

Overfull \hbox (16.99614pt too wide) in paragraph at lines 1631--1633
[][]
 []

[68pdfTeX warning (ext4): destination with the same identifier (name{figure.68}
) has been already used, duplicate ignored

\AtBegShi@Output ...ipout \box \AtBeginShipoutBox 
                                                  \fi \fi 
l.1645 
       ] [69]
Package atveryend Info: Empty hook `BeforeClearDocument' on input line 1688.
Package atveryend Info: Empty hook `AfterLastShipout' on input line 1688.
(./manuscrito.aux)
Package atveryend Info: Executing hook `AtVeryEndDocument' on input line 1688.
Package atveryend Info: Executing hook `AtEndAfterFileList' on input line 1688.

Package rerunfilecheck Info: File `manuscrito.out' has not changed.
(rerunfilecheck)             Checksum: 03B2E681992621C9E04DAF9E99D882C8;4447.

LaTeX Warning: There were multiply-defined labels.

Package atveryend Info: Empty hook `AtVeryVeryEnd' on input line 1688.
 ) 
Here is how much of TeX's memory you used:
 10467 strings out of 492982
 148771 string characters out of 6134896
 219301 words of memory out of 5000000
 13743 multiletter control sequences out of 15000+600000
 23786 words of font info for 48 fonts, out of 8000000 for 9000
 1141 hyphenation exceptions out of 8191
 36i,6n,34p,456b,349s stack positions out of 5000i,500n,10000p,200000b,80000s
{/usr/share/texlive/texmf-dist/fonts/enc/dvips/base/8r.enc}</usr/share/texliv
e/texmf-dist/fonts/type1/public/amsfonts/cm/cmsy10.pfb></usr/share/texlive/texm
f-dist/fonts/type1/urw/helvetic/uhvb8a.pfb></usr/share/texlive/texmf-dist/fonts
/type1/urw/palatino/uplb8a.pfb></usr/share/texlive/texmf-dist/fonts/type1/urw/p
alatino/uplr8a.pfb></usr/share/texlive/texmf-dist/fonts/type1/urw/palatino/uplr
i8a.pfb>
Output written on manuscrito.pdf (69 pages, 5534303 bytes).
PDF statistics:
 568 PDF objects out of 1000 (max. 8388607)
 438 compressed objects within 5 object streams
 167 named destinations out of 1000 (max. 500000)
 344 words of extra memory for PDF output out of 10000 (max. 10000000)

